TN:
SF:source/scripts/project/app.js
FN:5,(anonymous_1)
FN:10,(anonymous_2)
FN:15,(anonymous_3)
FN:20,(anonymous_4)
FN:53,(anonymous_5)
FN:58,(anonymous_6)
FN:63,(anonymous_7)
FN:78,(anonymous_8)
FN:84,(anonymous_9)
FN:90,(anonymous_10)
FN:96,(anonymous_11)
FN:142,(anonymous_12)
FN:149,(anonymous_13)
FN:154,(anonymous_14)
FN:159,(anonymous_15)
FN:168,(anonymous_16)
FN:172,(anonymous_17)
FN:180,(anonymous_18)
FNF:18
FNH:6
FNDA:1,(anonymous_1)
FNDA:1,(anonymous_2)
FNDA:2,(anonymous_3)
FNDA:0,(anonymous_4)
FNDA:7,(anonymous_5)
FNDA:154,(anonymous_6)
FNDA:0,(anonymous_7)
FNDA:0,(anonymous_8)
FNDA:0,(anonymous_9)
FNDA:0,(anonymous_10)
FNDA:0,(anonymous_11)
FNDA:0,(anonymous_12)
FNDA:0,(anonymous_13)
FNDA:0,(anonymous_14)
FNDA:0,(anonymous_15)
FNDA:7,(anonymous_16)
FNDA:0,(anonymous_17)
FNDA:0,(anonymous_18)
DA:3,1
DA:5,1
DA:7,1
DA:10,1
DA:12,1
DA:15,1
DA:17,2
DA:20,1
DA:22,0
DA:23,0
DA:25,0
DA:27,0
DA:30,1
DA:58,7
DA:60,154
DA:63,7
DA:65,7
DA:66,7
DA:67,7
DA:68,7
DA:69,7
DA:70,7
DA:71,7
DA:72,7
DA:73,7
DA:74,7
DA:76,7
DA:80,0
DA:83,7
DA:86,0
DA:89,7
DA:92,0
DA:95,7
DA:98,0
DA:101,7
DA:104,7
DA:107,7
DA:110,7
DA:113,7
DA:116,7
DA:119,7
DA:121,7
DA:123,7
DA:125,7
DA:127,7
DA:131,7
DA:132,7
DA:133,7
DA:134,7
DA:136,7
DA:142,7
DA:144,0
DA:145,0
DA:146,0
DA:149,7
DA:151,0
DA:154,7
DA:156,0
DA:159,7
DA:161,0
DA:170,7
DA:172,7
DA:174,0
DA:176,0
DA:180,7
DA:182,0
DA:184,0
LF:67
LH:49
BRDA:12,1,0,1
BRDA:12,1,1,0
BRDA:12,1,2,0
BRDA:23,2,0,0
BRDA:23,2,1,0
BRDA:174,3,0,0
BRDA:174,3,1,0
BRDA:182,4,0,0
BRDA:182,4,1,0
BRF:9
BRH:1
end_of_record
TN:
SF:source/scripts/project/controllers/_.js
FN:6,(anonymous_1)
FN:17,(anonymous_2)
FN:22,(anonymous_3)
FN:32,(anonymous_4)
FN:37,(anonymous_5)
FN:40,(anonymous_6)
FNF:6
FNH:0
FNDA:0,(anonymous_1)
FNDA:0,(anonymous_2)
FNDA:0,(anonymous_3)
FNDA:0,(anonymous_4)
FNDA:0,(anonymous_5)
FNDA:0,(anonymous_6)
DA:3,1
DA:10,0
DA:12,0
DA:13,0
DA:14,0
DA:15,0
DA:17,0
DA:19,0
DA:22,0
DA:24,0
DA:26,0
DA:28,0
DA:32,0
DA:34,0
DA:37,0
DA:39,0
DA:42,0
DA:46,0
DA:48,0
LF:19
LH:1
BRDA:26,1,0,0
BRDA:26,1,1,0
BRDA:34,2,0,0
BRDA:34,2,1,0
BRDA:46,3,0,0
BRDA:46,3,1,0
BRF:6
BRH:0
end_of_record
TN:
SF:source/scripts/project/controllers/account.js
FN:5,(anonymous_1)
FN:14,(anonymous_2)
FN:19,(anonymous_3)
FN:24,(anonymous_4)
FN:30,(anonymous_5)
FN:34,(anonymous_6)
FN:39,(anonymous_7)
FNF:7
FNH:0
FNDA:0,(anonymous_1)
FNDA:0,(anonymous_2)
FNDA:0,(anonymous_3)
FNDA:0,(anonymous_4)
FNDA:0,(anonymous_5)
FNDA:0,(anonymous_6)
FNDA:0,(anonymous_7)
DA:2,1
DA:9,0
DA:11,0
DA:13,0
DA:16,0
DA:17,0
DA:21,0
DA:24,0
DA:26,0
DA:27,0
DA:30,0
DA:32,0
DA:33,0
DA:36,0
DA:37,0
DA:41,0
LF:16
LH:1
BRF:0
BRH:0
end_of_record
TN:
SF:source/scripts/project/controllers/change-password.js
FN:5,(anonymous_1)
FN:18,(anonymous_2)
FN:30,(anonymous_3)
FN:33,(anonymous_4)
FN:37,(anonymous_5)
FNF:5
FNH:0
FNDA:0,(anonymous_1)
FNDA:0,(anonymous_2)
FNDA:0,(anonymous_3)
FNDA:0,(anonymous_4)
FNDA:0,(anonymous_5)
DA:2,1
DA:9,0
DA:10,0
DA:12,0
DA:18,0
DA:20,0
DA:22,0
DA:24,0
DA:27,0
DA:30,0
DA:32,0
DA:35,0
DA:39,0
LF:13
LH:1
BRDA:22,1,0,0
BRDA:22,1,1,0
BRDA:22,2,0,0
BRDA:22,2,1,0
BRF:4
BRH:0
end_of_record
TN:
SF:source/scripts/project/controllers/contact.js
FN:5,(anonymous_1)
FNF:1
FNH:0
FNDA:0,(anonymous_1)
DA:2,1
LF:1
LH:1
BRF:0
BRH:0
end_of_record
TN:
SF:source/scripts/project/controllers/faqs.js
FN:5,(anonymous_1)
FNF:1
FNH:0
FNDA:0,(anonymous_1)
DA:2,1
LF:1
LH:1
BRF:0
BRH:0
end_of_record
TN:
SF:source/scripts/project/controllers/forgot-password.js
FN:5,(anonymous_1)
FN:16,(anonymous_2)
FN:22,(anonymous_3)
FN:25,(anonymous_4)
FN:29,(anonymous_5)
FNF:5
FNH:0
FNDA:0,(anonymous_1)
FNDA:0,(anonymous_2)
FNDA:0,(anonymous_3)
FNDA:0,(anonymous_4)
FNDA:0,(anonymous_5)
DA:2,1
DA:9,0
DA:10,0
DA:12,0
DA:16,0
DA:18,0
DA:19,0
DA:22,0
DA:24,0
DA:27,0
DA:31,0
LF:11
LH:1
BRF:0
BRH:0
end_of_record